<?xml version="1.0" encoding="UTF-8" ?>
<testsuites errors="2"
            failures="1"
            tests="1">

  <testsuite name="employeePractice"
    errors="2" failures="1" hostname="" id="" package="employeePractice" skipped="2"
    tests="1" time="11.54" timestamp="">
  
    <testcase name="NavigateListAndCheckIfContainsID" classname="employeePractice" time="11.54" assertions="1">  <failure message="Testing if element &lt;#employeeID&gt; contains text &#39;ID: 1&#39; in 5000ms - expected &#34;contains text &#39;ID: 1&#39;&#34; but got: &#34;element could not be located&#34; (5129ms)">    at Object.NavigateListAndCheckIfContainsID (/Users/cesarbustamante/DevMountain/PracticeAutomation/tests/employeePractice.js:12:21)
    at processTicksAndRejections (internal/process/task_queues.js:93:5)</failure>

    
    <error message="Error while running &#34;containsText&#34; command: Testing if element [0;33m&lt;#employeeID&gt;[0m contains text [0;33m&#39;ID: 1&#39;[0m in 5000ms - expected [0;32m&#34;contains text &#39;ID: 1&#39;&#34;[0m but got: [0;31m&#34;element could not be located&#34;[0m [0;90m(5129ms)[0m" type="error"><![CDATA[
        at Object.NavigateListAndCheckIfContainsID (/Users/cesarbustamante/DevMountain/PracticeAutomation/tests/employeePractice.js:12:21)
    at processTicksAndRejections (internal/process/task_queues.js:93:5)
    ]]></error>
    
    </testcase>
  

  
    <system-err>
        Error: Unknown property: &#34;setValue&#34;. Please consult docs at: http://nightwatchjs.org/api.
       at Object.Filter Object (/Users/cesarbustamante/DevMountain/PracticeAutomation/tests/ProjectRubric.js:46:13)
       at processTicksAndRejections (internal/process/task_queues.js:93:5)
  NoSuchElementError: An error occurred while running .click() command on &lt;li[name=&#34;employee1&#34;]&gt;: 
   {&#34;sessionId&#34;:&#34;4c7e029577163efb217ad82f861d44ac&#34;,&#34;status&#34;:0,&#34;value&#34;:[]}
       at processTicksAndRejections (internal/process/task_queues.js:93:5)
  NoSuchElementError: An error occurred while running .getText() command on &lt;#employeeID&gt;: 
   {&#34;sessionId&#34;:&#34;4c7e029577163efb217ad82f861d44ac&#34;,&#34;status&#34;:0,&#34;value&#34;:[]}
       at processTicksAndRejections (internal/process/task_queues.js:93:5)
  TypeError: wanted.end is not a function
   - writing an ES6 async test case? - keep in mind that commands return a Promise; 
   - writing unit tests? - make sure to specify &#34;unit_tests_mode=true&#34; in your config.
       at Object.after (/Users/cesarbustamante/DevMountain/PracticeAutomation/tests/projectWanted.js:14:14)
       at new Promise (&lt;anonymous&gt;)
  NoSuchElementError: An error occurred while running .clearValue() command on &lt;input[name=&#34;q&#34;]&gt;:   (Session info: chrome=86.0.4240.183),  (Driver info: chromedriver=86.0.4240.22 (398b0743353ff36fb1b82468f63a3a93b4e2e89e-refs/branch-heads/4240@{#378}),platform=Mac OS X 10.15.7 x86_64); no such window: window was already closed
   {&#34;status&#34;:-1,&#34;state&#34;:&#34;&#34;,&#34;code&#34;:&#34;&#34;,&#34;value&#34;:{&#34;message&#34;:&#34;no such window: window was already closed&#34;,&#34;error&#34;:[&#34;  (Session info: chrome=86.0.4240.183)&#34;,&#34;  (Driver info: chromedriver=86.0.4240.22 (398b0743353ff36fb1b82468f63a3a93b4e2e89e-refs/branch-heads/4240@{#378}),platform=Mac OS X 10.15.7 x86_64)&#34;]},&#34;errorStatus&#34;:23,&#34;error&#34;:&#34;The specified window could not be found. – no such window: window was already closed&#34;,&#34;httpStatusCode&#34;:200}
       at runMicrotasks (&lt;anonymous&gt;)
       at processTicksAndRejections (internal/process/task_queues.js:93:5)
  NoSuchElementError: An error occurred while running .setValue() command on &lt;input[name=&#34;q&#34;]&gt;:   (Session info: chrome=86.0.4240.183),  (Driver info: chromedriver=86.0.4240.22 (398b0743353ff36fb1b82468f63a3a93b4e2e89e-refs/branch-heads/4240@{#378}),platform=Mac OS X 10.15.7 x86_64); no such window: window was already closed
   {&#34;status&#34;:-1,&#34;state&#34;:&#34;&#34;,&#34;code&#34;:&#34;&#34;,&#34;value&#34;:{&#34;message&#34;:&#34;no such window: window was already closed&#34;,&#34;error&#34;:[&#34;  (Session info: chrome=86.0.4240.183)&#34;,&#34;  (Driver info: chromedriver=86.0.4240.22 (398b0743353ff36fb1b82468f63a3a93b4e2e89e-refs/branch-heads/4240@{#378}),platform=Mac OS X 10.15.7 x86_64)&#34;]},&#34;errorStatus&#34;:23,&#34;error&#34;:&#34;The specified window could not be found. – no such window: window was already closed&#34;,&#34;httpStatusCode&#34;:200}
       at runMicrotasks (&lt;anonymous&gt;)
       at processTicksAndRejections (internal/process/task_queues.js:93:5)
    </system-err>
  

    

  
    
    <testcase
      name="EditingEmployeesAndSaving" classname="employeePractice">
      <skipped />
    </testcase>
    
    <testcase
      name="EditingAndCanceling" classname="employeePractice">
      <skipped />
    </testcase>
    
  
  </testsuite>
</testsuites>
